Using pre-set license
Built from '6000.0/staging' branch; Version is '6000.0.28f1 (f336aca0cab5) revision 15939244'; Using compiler version '193933523'; Build Type 'Release'
OS: 'Windows 10  (10.0.19045) 64bit CoreSingleLanguage' Language: 'en' Physical Memory: 7934 MB
BatchMode: 1, IsHumanControllingUs: 0, StartBugReporterOnCrash: 0, Is64bit: 1, IsPro: 1

COMMAND LINE ARGUMENTS:
C:\Program Files\Unity\Hub\Editor\6000.0.28f1\Editor\Unity.exe
-adb2
-batchMode
-noUpm
-name
AssetImportWorker1
-projectPath
C:/Users/Trixia/OneDrive/Desktop/My project (1)
-logFile
Logs/AssetImportWorker1.log
-srvPort
49990
-job-worker-count
3
-background-job-worker-count
8
-asset-garbage-collectors
1
Successfully changed project path to: C:/Users/Trixia/OneDrive/Desktop/My project (1)
C:/Users/Trixia/OneDrive/Desktop/My project (1)
[UnityMemory] Configuration Parameters - Can be set up in boot.config
    "memorysetup-bucket-allocator-granularity=16"
    "memorysetup-bucket-allocator-bucket-count=8"
    "memorysetup-bucket-allocator-block-size=33554432"
    "memorysetup-bucket-allocator-block-count=8"
    "memorysetup-main-allocator-block-size=16777216"
    "memorysetup-thread-allocator-block-size=16777216"
    "memorysetup-gfx-main-allocator-block-size=16777216"
    "memorysetup-gfx-thread-allocator-block-size=16777216"
    "memorysetup-cache-allocator-block-size=4194304"
    "memorysetup-typetree-allocator-block-size=2097152"
    "memorysetup-profiler-bucket-allocator-granularity=16"
    "memorysetup-profiler-bucket-allocator-bucket-count=8"
    "memorysetup-profiler-bucket-allocator-block-size=33554432"
    "memorysetup-profiler-bucket-allocator-block-count=8"
    "memorysetup-profiler-allocator-block-size=16777216"
    "memorysetup-profiler-editor-allocator-block-size=1048576"
    "memorysetup-temp-allocator-size-main=16777216"
    "memorysetup-job-temp-allocator-block-size=2097152"
    "memorysetup-job-temp-allocator-block-size-background=1048576"
    "memorysetup-job-temp-allocator-reduction-small-platforms=262144"
    "memorysetup-allocator-temp-initial-block-size-main=262144"
    "memorysetup-allocator-temp-initial-block-size-worker=262144"
    "memorysetup-temp-allocator-size-background-worker=32768"
    "memorysetup-temp-allocator-size-job-worker=262144"
    "memorysetup-temp-allocator-size-preload-manager=33554432"
    "memorysetup-temp-allocator-size-nav-mesh-worker=65536"
    "memorysetup-temp-allocator-size-audio-worker=65536"
    "memorysetup-temp-allocator-size-cloud-worker=32768"
    "memorysetup-temp-allocator-size-gi-baking-worker=262144"
    "memorysetup-temp-allocator-size-gi-baking-worker=262144"
    "memorysetup-temp-allocator-size-gi-baking-worker=262144"
    "memorysetup-temp-allocator-size-gi-baking-worker=262144"
    "memorysetup-temp-allocator-size-gi-baking-worker=262144"
    "memorysetup-temp-allocator-size-gfx=262144"
Player connection [1624]  Target information:

Player connection [1624]  * "[IP] 192.168.56.1 [Port] 0 [Flags] 2 [Guid] 670734306 [EditorId] 670734306 [Version] 1048832 [Id] WindowsEditor(7,LAPTOP-S1VRPHA8) [Debug] 1 [PackageName] WindowsEditor [ProjectName] Editor" 

Player connection [1624]  * "[IP] 192.168.1.4 [Port] 0 [Flags] 2 [Guid] 670734306 [EditorId] 670734306 [Version] 1048832 [Id] WindowsEditor(7,LAPTOP-S1VRPHA8) [Debug] 1 [PackageName] WindowsEditor [ProjectName] Editor" 

Player connection [1624] Host joined multi-casting on [225.0.0.222:54997]...
Player connection [1624] Host joined alternative multi-casting on [225.0.0.222:34997]...
JobSystem: Creating JobQueue using job-worker-count value 3
[Physics::Module] Initialized fallback backend.
[Physics::Module] Id: 0xdecafbad
Library Redirect Path: Library/
[Physics::Module] Selected backend.
[Physics::Module] Name: PhysX
[Physics::Module] Id: 0xf2b8ea05
[Physics::Module] SDK Version: 4.1.2
[Physics::Module] Integration Version: 1.0.0
[Physics::Module] Threading Mode: Multi-Threaded
Refreshing native plugins compatible for Editor in 104.80 ms, found 6 plugins.
Preloading 2 native plugins for Editor in 8.35 ms.
Initialize engine version: 6000.0.28f1 (f336aca0cab5)
[Subsystems] Discovering subsystems at path C:/Program Files/Unity/Hub/Editor/6000.0.28f1/Editor/Data/Resources/UnitySubsystems
[Subsystems] Discovering subsystems at path C:/Users/Trixia/OneDrive/Desktop/My project (1)/Assets
GfxDevice: creating device client; kGfxThreadingModeNonThreaded
Direct3D:
    Version:  Direct3D 11.0 [level 11.1]
    Renderer: NVIDIA GeForce MX330 (ID=0x1d16)
    Vendor:   NVIDIA
    VRAM:     1983 MB
    Driver:   30.0.14.7219
Initialize mono
Mono path[0] = 'C:/Program Files/Unity/Hub/Editor/6000.0.28f1/Editor/Data/Managed'
Mono path[1] = 'C:/Program Files/Unity/Hub/Editor/6000.0.28f1/Editor/Data/MonoBleedingEdge/lib/mono/unityjit-win32'
Mono config path = 'C:/Program Files/Unity/Hub/Editor/6000.0.28f1/Editor/Data/MonoBleedingEdge/etc'
Using monoOptions --debugger-agent=transport=dt_socket,embedding=1,server=y,suspend=n,address=127.0.0.1:56020
Begin MonoManager ReloadAssembly
Registering precompiled unity dll's ...
Register platform support module: C:/Program Files/Unity/Hub/Editor/6000.0.28f1/Editor/Data/PlaybackEngines/WindowsStandaloneSupport/UnityEditor.WindowsStandalone.Extensions.dll
Register platform support module: C:/Program Files/Unity/Hub/Editor/6000.0.28f1/Editor/Data/PlaybackEngines/AndroidPlayer/UnityEditor.Android.Extensions.dll
Registered in 0.017379 seconds.
- Loaded All Assemblies, in  8.322 seconds
Native extension for Android target not found
Android Extension - Scanning For ADB Devices 1052 ms
Native extension for WindowsStandalone target not found
Mono: successfully reloaded assembly
- Finished resetting the current domain, in  2.887 seconds
Domain Reload Profiling: 11199ms
	BeginReloadAssembly (7215ms)
		ExecutionOrderSort (0ms)
		DisableScriptedObjects (0ms)
		BackupInstance (0ms)
		ReleaseScriptingObjects (0ms)
		CreateAndSetChildDomain (4ms)
	RebuildCommonClasses (210ms)
	RebuildNativeTypeToScriptingClass (56ms)
	initialDomainReloadingComplete (200ms)
	LoadAllAssembliesAndSetupDomain (630ms)
		LoadAssemblies (7087ms)
		RebuildTransferFunctionScriptingTraits (0ms)
		AnalyzeDomain (617ms)
			TypeCache.Refresh (613ms)
				TypeCache.ScanAssembly (557ms)
			BuildScriptInfoCaches (0ms)
			ResolveRequiredComponents (2ms)
	FinalizeReload (2889ms)
		ReleaseScriptCaches (0ms)
		RebuildScriptCaches (0ms)
		SetupLoadedEditorAssemblies (2676ms)
			LogAssemblyErrors (0ms)
			InitializePlatformSupportModulesInManaged (1502ms)
			SetLoadedEditorAssemblies (14ms)
			BeforeProcessingInitializeOnLoad (27ms)
			ProcessInitializeOnLoadAttributes (897ms)
			ProcessInitializeOnLoadMethodAttributes (224ms)
			AfterProcessingInitializeOnLoad (11ms)
			EditorAssembliesLoaded (0ms)
		ExecutionOrderSort2 (0ms)
		AwakeInstancesAfterBackupRestoration (0ms)
========================================================================
Worker process is ready to serve import requests
Import Worker Mode flag is 0x00
Begin MonoManager ReloadAssembly
Symbol file LoadedFromMemory is not a mono symbol file
- Loaded All Assemblies, in 15.599 seconds
Refreshing native plugins compatible for Editor in 51.57 ms, found 6 plugins.
Native extension for Android target not found
Native extension for WindowsStandalone target not found
Mono: successfully reloaded assembly
- Finished resetting the current domain, in  8.865 seconds
Domain Reload Profiling: 24409ms
	BeginReloadAssembly (2616ms)
		ExecutionOrderSort (0ms)
		DisableScriptedObjects (20ms)
		BackupInstance (0ms)
		ReleaseScriptingObjects (0ms)
		CreateAndSetChildDomain (149ms)
	RebuildCommonClasses (2315ms)
	RebuildNativeTypeToScriptingClass (140ms)
	initialDomainReloadingComplete (1036ms)
	LoadAllAssembliesAndSetupDomain (9429ms)
		LoadAssemblies (6922ms)
		RebuildTransferFunctionScriptingTraits (0ms)
		AnalyzeDomain (3343ms)
			TypeCache.Refresh (2453ms)
				TypeCache.ScanAssembly (2205ms)
			BuildScriptInfoCaches (562ms)
			ResolveRequiredComponents (290ms)
	FinalizeReload (8872ms)
		ReleaseScriptCaches (0ms)
		RebuildScriptCaches (0ms)
		SetupLoadedEditorAssemblies (4820ms)
			LogAssemblyErrors (0ms)
			InitializePlatformSupportModulesInManaged (120ms)
			SetLoadedEditorAssemblies (29ms)
			BeforeProcessingInitializeOnLoad (489ms)
			ProcessInitializeOnLoadAttributes (3475ms)
			ProcessInitializeOnLoadMethodAttributes (651ms)
			AfterProcessingInitializeOnLoad (55ms)
			EditorAssembliesLoaded (1ms)
		ExecutionOrderSort2 (0ms)
		AwakeInstancesAfterBackupRestoration (31ms)
Launched and connected shader compiler UnityShaderCompiler.exe after 0.11 seconds
Refreshing native plugins compatible for Editor in 26.14 ms, found 6 plugins.
Preloading 2 native plugins for Editor in 1.52 ms.
Unloading 245 Unused Serialized files (Serialized files now loaded: 0)
Unloading 6011 unused Assets / (3.1 MB). Loaded Objects now: 6909.
Memory consumption went from 195.8 MB to 192.7 MB.
Total: 50.627500 ms (FindLiveObjects: 3.423700 ms CreateObjectMapping: 8.985900 ms MarkObjects: 27.124400 ms  DeleteObjects: 11.087100 ms)

========================================================================
Received Prepare
Begin MonoManager ReloadAssembly
Symbol file LoadedFromMemory is not a mono symbol file
- Loaded All Assemblies, in  8.751 seconds
Refreshing native plugins compatible for Editor in 45.39 ms, found 6 plugins.
Native extension for Android target not found
Native extension for WindowsStandalone target not found
Mono: successfully reloaded assembly
- Finished resetting the current domain, in  8.734 seconds
Domain Reload Profiling: 17463ms
	BeginReloadAssembly (1831ms)
		ExecutionOrderSort (0ms)
		DisableScriptedObjects (41ms)
		BackupInstance (0ms)
		ReleaseScriptingObjects (1ms)
		CreateAndSetChildDomain (422ms)
	RebuildCommonClasses (365ms)
	RebuildNativeTypeToScriptingClass (95ms)
	initialDomainReloadingComplete (195ms)
	LoadAllAssembliesAndSetupDomain (6241ms)
		LoadAssemblies (4547ms)
		RebuildTransferFunctionScriptingTraits (0ms)
		AnalyzeDomain (2716ms)
			TypeCache.Refresh (41ms)
				TypeCache.ScanAssembly (0ms)
			BuildScriptInfoCaches (2584ms)
			ResolveRequiredComponents (62ms)
	FinalizeReload (8736ms)
		ReleaseScriptCaches (0ms)
		RebuildScriptCaches (0ms)
		SetupLoadedEditorAssemblies (6602ms)
			LogAssemblyErrors (0ms)
			InitializePlatformSupportModulesInManaged (80ms)
			SetLoadedEditorAssemblies (41ms)
			BeforeProcessingInitializeOnLoad (944ms)
			ProcessInitializeOnLoadAttributes (4904ms)
			ProcessInitializeOnLoadMethodAttributes (566ms)
			AfterProcessingInitializeOnLoad (66ms)
			EditorAssembliesLoaded (1ms)
		ExecutionOrderSort2 (0ms)
		AwakeInstancesAfterBackupRestoration (80ms)
Refreshing native plugins compatible for Editor in 20.56 ms, found 6 plugins.
Preloading 2 native plugins for Editor in 0.48 ms.
Unloading 23 Unused Serialized files (Serialized files now loaded: 0)
Unloading 6009 unused Assets / (2.1 MB). Loaded Objects now: 6924.
Memory consumption went from 166.9 MB to 164.9 MB.
Total: 47.207900 ms (FindLiveObjects: 3.608300 ms CreateObjectMapping: 2.210400 ms MarkObjects: 33.971800 ms  DeleteObjects: 7.413700 ms)

Prepare: number of updated asset objects reloaded= 0
========================================================================
Received Prepare
Refreshing native plugins compatible for Editor in 24.87 ms, found 6 plugins.
Preloading 2 native plugins for Editor in 0.40 ms.
Unloading 13 Unused Serialized files (Serialized files now loaded: 0)
Unloading 5988 unused Assets / (4.4 MB). Loaded Objects now: 6923.
Memory consumption went from 165.3 MB to 161.0 MB.
Total: 44.593300 ms (FindLiveObjects: 1.770300 ms CreateObjectMapping: 2.128700 ms MarkObjects: 31.035900 ms  DeleteObjects: 9.654100 ms)

Prepare: number of updated asset objects reloaded= 0
========================================================================
Received Prepare
Begin MonoManager ReloadAssembly
Symbol file LoadedFromMemory is not a mono symbol file
- Loaded All Assemblies, in  6.224 seconds
Refreshing native plugins compatible for Editor in 19.35 ms, found 6 plugins.
Native extension for Android target not found
Native extension for WindowsStandalone target not found
Mono: successfully reloaded assembly
- Finished resetting the current domain, in  5.473 seconds
Domain Reload Profiling: 11679ms
	BeginReloadAssembly (1439ms)
		ExecutionOrderSort (0ms)
		DisableScriptedObjects (48ms)
		BackupInstance (0ms)
		ReleaseScriptingObjects (1ms)
		CreateAndSetChildDomain (414ms)
	RebuildCommonClasses (231ms)
	RebuildNativeTypeToScriptingClass (86ms)
	initialDomainReloadingComplete (180ms)
	LoadAllAssembliesAndSetupDomain (4269ms)
		LoadAssemblies (3586ms)
		RebuildTransferFunctionScriptingTraits (0ms)
		AnalyzeDomain (1392ms)
			TypeCache.Refresh (56ms)
				TypeCache.ScanAssembly (5ms)
			BuildScriptInfoCaches (1168ms)
			ResolveRequiredComponents (149ms)
	FinalizeReload (5475ms)
		ReleaseScriptCaches (0ms)
		RebuildScriptCaches (0ms)
		SetupLoadedEditorAssemblies (3546ms)
			LogAssemblyErrors (0ms)
			InitializePlatformSupportModulesInManaged (70ms)
			SetLoadedEditorAssemblies (23ms)
			BeforeProcessingInitializeOnLoad (467ms)
			ProcessInitializeOnLoadAttributes (2622ms)
			ProcessInitializeOnLoadMethodAttributes (309ms)
			AfterProcessingInitializeOnLoad (55ms)
			EditorAssembliesLoaded (1ms)
		ExecutionOrderSort2 (0ms)
		AwakeInstancesAfterBackupRestoration (64ms)
Refreshing native plugins compatible for Editor in 24.23 ms, found 6 plugins.
Preloading 2 native plugins for Editor in 0.58 ms.
Unloading 13 Unused Serialized files (Serialized files now loaded: 0)
Unloading 6008 unused Assets / (4.4 MB). Loaded Objects now: 6925.
Memory consumption went from 165.2 MB to 160.8 MB.
Total: 38.945400 ms (FindLiveObjects: 1.964600 ms CreateObjectMapping: 2.420800 ms MarkObjects: 25.590600 ms  DeleteObjects: 8.964000 ms)

Prepare: number of updated asset objects reloaded= 0
========================================================================
Received Prepare
Refreshing native plugins compatible for Editor in 34.00 ms, found 6 plugins.
Preloading 2 native plugins for Editor in 0.24 ms.
Unloading 13 Unused Serialized files (Serialized files now loaded: 0)
Unloading 5988 unused Assets / (4.2 MB). Loaded Objects now: 6925.
Memory consumption went from 165.3 MB to 161.1 MB.
Total: 157.663100 ms (FindLiveObjects: 1.638400 ms CreateObjectMapping: 1.799400 ms MarkObjects: 103.351000 ms  DeleteObjects: 50.871300 ms)

Prepare: number of updated asset objects reloaded= 0
========================================================================
Received Prepare
Begin MonoManager ReloadAssembly
Symbol file LoadedFromMemory is not a mono symbol file
- Loaded All Assemblies, in  4.551 seconds
Refreshing native plugins compatible for Editor in 13.08 ms, found 6 plugins.
Native extension for Android target not found
Native extension for WindowsStandalone target not found
Mono: successfully reloaded assembly
- Finished resetting the current domain, in  2.694 seconds
Domain Reload Profiling: 7251ms
	BeginReloadAssembly (908ms)
		ExecutionOrderSort (0ms)
		DisableScriptedObjects (70ms)
		BackupInstance (0ms)
		ReleaseScriptingObjects (2ms)
		CreateAndSetChildDomain (245ms)
	RebuildCommonClasses (131ms)
	RebuildNativeTypeToScriptingClass (35ms)
	initialDomainReloadingComplete (107ms)
	LoadAllAssembliesAndSetupDomain (3374ms)
		LoadAssemblies (2769ms)
		RebuildTransferFunctionScriptingTraits (0ms)
		AnalyzeDomain (1006ms)
			TypeCache.Refresh (59ms)
				TypeCache.ScanAssembly (4ms)
			BuildScriptInfoCaches (836ms)
			ResolveRequiredComponents (79ms)
	FinalizeReload (2695ms)
		ReleaseScriptCaches (0ms)
		RebuildScriptCaches (0ms)
		SetupLoadedEditorAssemblies (1782ms)
			LogAssemblyErrors (0ms)
			InitializePlatformSupportModulesInManaged (39ms)
			SetLoadedEditorAssemblies (14ms)
			BeforeProcessingInitializeOnLoad (230ms)
			ProcessInitializeOnLoadAttributes (1296ms)
			ProcessInitializeOnLoadMethodAttributes (175ms)
			AfterProcessingInitializeOnLoad (27ms)
			EditorAssembliesLoaded (1ms)
		ExecutionOrderSort2 (0ms)
		AwakeInstancesAfterBackupRestoration (36ms)
Refreshing native plugins compatible for Editor in 11.34 ms, found 6 plugins.
Preloading 2 native plugins for Editor in 0.78 ms.
Unloading 13 Unused Serialized files (Serialized files now loaded: 0)
Unloading 6008 unused Assets / (4.6 MB). Loaded Objects now: 6927.
Memory consumption went from 165.2 MB to 160.6 MB.
Total: 24.456900 ms (FindLiveObjects: 4.041700 ms CreateObjectMapping: 1.711600 ms MarkObjects: 12.201200 ms  DeleteObjects: 6.498200 ms)

Prepare: number of updated asset objects reloaded= 0
========================================================================
Received Prepare
Begin MonoManager ReloadAssembly
Symbol file LoadedFromMemory is not a mono symbol file
- Loaded All Assemblies, in  3.397 seconds
Refreshing native plugins compatible for Editor in 17.36 ms, found 6 plugins.
Native extension for Android target not found
Native extension for WindowsStandalone target not found
Mono: successfully reloaded assembly
- Finished resetting the current domain, in 12.218 seconds
Domain Reload Profiling: 15631ms
	BeginReloadAssembly (722ms)
		ExecutionOrderSort (0ms)
		DisableScriptedObjects (27ms)
		BackupInstance (0ms)
		ReleaseScriptingObjects (1ms)
		CreateAndSetChildDomain (149ms)
	RebuildCommonClasses (149ms)
	RebuildNativeTypeToScriptingClass (59ms)
	initialDomainReloadingComplete (120ms)
	LoadAllAssembliesAndSetupDomain (2338ms)
		LoadAssemblies (1925ms)
		RebuildTransferFunctionScriptingTraits (0ms)
		AnalyzeDomain (820ms)
			TypeCache.Refresh (20ms)
				TypeCache.ScanAssembly (0ms)
			BuildScriptInfoCaches (742ms)
			ResolveRequiredComponents (48ms)
	FinalizeReload (12242ms)
		ReleaseScriptCaches (0ms)
		RebuildScriptCaches (0ms)
		SetupLoadedEditorAssemblies (10044ms)
			LogAssemblyErrors (0ms)
			InitializePlatformSupportModulesInManaged (42ms)
			SetLoadedEditorAssemblies (18ms)
			BeforeProcessingInitializeOnLoad (243ms)
			ProcessInitializeOnLoadAttributes (8246ms)
			ProcessInitializeOnLoadMethodAttributes (1372ms)
			AfterProcessingInitializeOnLoad (121ms)
			EditorAssembliesLoaded (2ms)
		ExecutionOrderSort2 (0ms)
		AwakeInstancesAfterBackupRestoration (146ms)
Refreshing native plugins compatible for Editor in 21.63 ms, found 6 plugins.
Preloading 2 native plugins for Editor in 0.63 ms.
Unloading 13 Unused Serialized files (Serialized files now loaded: 0)
Unloading 6008 unused Assets / (4.5 MB). Loaded Objects now: 6929.
Memory consumption went from 165.2 MB to 160.7 MB.
Total: 34.090700 ms (FindLiveObjects: 1.996000 ms CreateObjectMapping: 2.285500 ms MarkObjects: 21.712700 ms  DeleteObjects: 8.091400 ms)

Prepare: number of updated asset objects reloaded= 0
========================================================================
Received Prepare
Refreshing native plugins compatible for Editor in 137.52 ms, found 6 plugins.
Preloading 2 native plugins for Editor in 4.48 ms.
Unloading 13 Unused Serialized files (Serialized files now loaded: 0)
Unloading 5988 unused Assets / (4.1 MB). Loaded Objects now: 6929.
Memory consumption went from 165.3 MB to 161.2 MB.
Total: 985.402400 ms (FindLiveObjects: 3.523400 ms CreateObjectMapping: 4.077300 ms MarkObjects: 969.557000 ms  DeleteObjects: 8.237400 ms)

Prepare: number of updated asset objects reloaded= 0
========================================================================
Received Import Request.
  Time since last request: 1362.953305 seconds.
  path: Assets/Script/ModelSwitcher.cs
  artifactKey: Guid(8414253f6787e3b4c942c146d50079b1) Importer(815301076,1909f56bfc062723c751e8b465ee728b)
Start importing Assets/Script/ModelSwitcher.cs using Guid(8414253f6787e3b4c942c146d50079b1) Importer(815301076,1909f56bfc062723c751e8b465ee728b) (PreviewImporter) -> (artifact id: '045fe4557b94194565ab72535273fdee') in 1.9484661 seconds
Number of updated asset objects reloaded before import = 0Number of asset objects unloaded after import = 0

========================================================================
Received Prepare
Begin MonoManager ReloadAssembly
Symbol file LoadedFromMemory is not a mono symbol file
- Loaded All Assemblies, in  6.777 seconds
Refreshing native plugins compatible for Editor in 32.46 ms, found 6 plugins.
Native extension for Android target not found
Native extension for WindowsStandalone target not found
Mono: successfully reloaded assembly
- Finished resetting the current domain, in  4.934 seconds
Domain Reload Profiling: 11733ms
	BeginReloadAssembly (1292ms)
		ExecutionOrderSort (0ms)
		DisableScriptedObjects (77ms)
		BackupInstance (0ms)
		ReleaseScriptingObjects (1ms)
		CreateAndSetChildDomain (447ms)
	RebuildCommonClasses (129ms)
	RebuildNativeTypeToScriptingClass (57ms)
	initialDomainReloadingComplete (135ms)
	LoadAllAssembliesAndSetupDomain (5184ms)
		LoadAssemblies (2863ms)
		RebuildTransferFunctionScriptingTraits (0ms)
		AnalyzeDomain (2823ms)
			TypeCache.Refresh (142ms)
				TypeCache.ScanAssembly (4ms)
			BuildScriptInfoCaches (2373ms)
			ResolveRequiredComponents (212ms)
	FinalizeReload (4936ms)
		ReleaseScriptCaches (0ms)
		RebuildScriptCaches (0ms)
		SetupLoadedEditorAssemblies (3151ms)
			LogAssemblyErrors (0ms)
			InitializePlatformSupportModulesInManaged (83ms)
			SetLoadedEditorAssemblies (36ms)
			BeforeProcessingInitializeOnLoad (552ms)
			ProcessInitializeOnLoadAttributes (2173ms)
			ProcessInitializeOnLoadMethodAttributes (266ms)
			AfterProcessingInitializeOnLoad (41ms)
			EditorAssembliesLoaded (1ms)
		ExecutionOrderSort2 (0ms)
		AwakeInstancesAfterBackupRestoration (50ms)
Refreshing native plugins compatible for Editor in 16.56 ms, found 6 plugins.
Preloading 2 native plugins for Editor in 0.47 ms.
Unloading 13 Unused Serialized files (Serialized files now loaded: 0)
Unloading 6008 unused Assets / (4.4 MB). Loaded Objects now: 6933.
Memory consumption went from 165.7 MB to 161.3 MB.
Total: 36.659200 ms (FindLiveObjects: 1.686900 ms CreateObjectMapping: 1.027600 ms MarkObjects: 24.976100 ms  DeleteObjects: 8.964600 ms)

Prepare: number of updated asset objects reloaded= 0
========================================================================
Received Prepare
Begin MonoManager ReloadAssembly
Symbol file LoadedFromMemory is not a mono symbol file
- Loaded All Assemblies, in  2.743 seconds
Refreshing native plugins compatible for Editor in 9.80 ms, found 6 plugins.
Native extension for Android target not found
Native extension for WindowsStandalone target not found
Mono: successfully reloaded assembly
- Finished resetting the current domain, in  3.739 seconds
Domain Reload Profiling: 6470ms
	BeginReloadAssembly (626ms)
		ExecutionOrderSort (0ms)
		DisableScriptedObjects (15ms)
		BackupInstance (0ms)
		ReleaseScriptingObjects (0ms)
		CreateAndSetChildDomain (120ms)
	RebuildCommonClasses (162ms)
	RebuildNativeTypeToScriptingClass (58ms)
	initialDomainReloadingComplete (100ms)
	LoadAllAssembliesAndSetupDomain (1782ms)
		LoadAssemblies (1349ms)
		RebuildTransferFunctionScriptingTraits (0ms)
		AnalyzeDomain (799ms)
			TypeCache.Refresh (19ms)
				TypeCache.ScanAssembly (0ms)
			BuildScriptInfoCaches (719ms)
			ResolveRequiredComponents (51ms)
	FinalizeReload (3741ms)
		ReleaseScriptCaches (0ms)
		RebuildScriptCaches (0ms)
		SetupLoadedEditorAssemblies (2600ms)
			LogAssemblyErrors (0ms)
			InitializePlatformSupportModulesInManaged (44ms)
			SetLoadedEditorAssemblies (16ms)
			BeforeProcessingInitializeOnLoad (441ms)
			ProcessInitializeOnLoadAttributes (1847ms)
			ProcessInitializeOnLoadMethodAttributes (211ms)
			AfterProcessingInitializeOnLoad (41ms)
			EditorAssembliesLoaded (1ms)
		ExecutionOrderSort2 (0ms)
		AwakeInstancesAfterBackupRestoration (46ms)
Refreshing native plugins compatible for Editor in 16.30 ms, found 6 plugins.
Preloading 2 native plugins for Editor in 0.29 ms.
Unloading 13 Unused Serialized files (Serialized files now loaded: 0)
Unloading 6008 unused Assets / (4.8 MB). Loaded Objects now: 6935.
Memory consumption went from 165.8 MB to 161.0 MB.
Total: 23.127200 ms (FindLiveObjects: 1.330200 ms CreateObjectMapping: 1.877300 ms MarkObjects: 12.342100 ms  DeleteObjects: 7.574800 ms)

Prepare: number of updated asset objects reloaded= 0
========================================================================
Received Prepare
Begin MonoManager ReloadAssembly
Symbol file LoadedFromMemory is not a mono symbol file
- Loaded All Assemblies, in  2.816 seconds
Refreshing native plugins compatible for Editor in 9.66 ms, found 6 plugins.
Native extension for Android target not found
Native extension for WindowsStandalone target not found
Mono: successfully reloaded assembly
- Finished resetting the current domain, in  7.769 seconds
Domain Reload Profiling: 10577ms
	BeginReloadAssembly (717ms)
		ExecutionOrderSort (0ms)
		DisableScriptedObjects (15ms)
		BackupInstance (0ms)
		ReleaseScriptingObjects (1ms)
		CreateAndSetChildDomain (125ms)
	RebuildCommonClasses (140ms)
	RebuildNativeTypeToScriptingClass (52ms)
	initialDomainReloadingComplete (112ms)
	LoadAllAssembliesAndSetupDomain (1783ms)
		LoadAssemblies (1426ms)
		RebuildTransferFunctionScriptingTraits (0ms)
		AnalyzeDomain (805ms)
			TypeCache.Refresh (17ms)
				TypeCache.ScanAssembly (0ms)
			BuildScriptInfoCaches (733ms)
			ResolveRequiredComponents (46ms)
	FinalizeReload (7775ms)
		ReleaseScriptCaches (0ms)
		RebuildScriptCaches (0ms)
		SetupLoadedEditorAssemblies (5218ms)
			LogAssemblyErrors (0ms)
			InitializePlatformSupportModulesInManaged (38ms)
			SetLoadedEditorAssemblies (18ms)
			BeforeProcessingInitializeOnLoad (288ms)
			ProcessInitializeOnLoadAttributes (3872ms)
			ProcessInitializeOnLoadMethodAttributes (871ms)
			AfterProcessingInitializeOnLoad (128ms)
			EditorAssembliesLoaded (3ms)
		ExecutionOrderSort2 (0ms)
		AwakeInstancesAfterBackupRestoration (158ms)
Refreshing native plugins compatible for Editor in 72.52 ms, found 6 plugins.
Preloading 2 native plugins for Editor in 1.66 ms.
Unloading 13 Unused Serialized files (Serialized files now loaded: 0)
Unloading 6008 unused Assets / (4.1 MB). Loaded Objects now: 6937.
Memory consumption went from 165.8 MB to 161.7 MB.
Total: 87.938100 ms (FindLiveObjects: 4.632700 ms CreateObjectMapping: 6.086700 ms MarkObjects: 57.499400 ms  DeleteObjects: 19.707800 ms)

Prepare: number of updated asset objects reloaded= 0
