Using pre-set license
Built from '6000.0/staging' branch; Version is '6000.0.28f1 (f336aca0cab5) revision 15939244'; Using compiler version '193933523'; Build Type 'Release'
OS: 'Windows 10  (10.0.19045) 64bit CoreSingleLanguage' Language: 'en' Physical Memory: 7934 MB
BatchMode: 1, IsHumanControllingUs: 0, StartBugReporterOnCrash: 0, Is64bit: 1, IsPro: 1

COMMAND LINE ARGUMENTS:
C:\Program Files\Unity\Hub\Editor\6000.0.28f1\Editor\Unity.exe
-adb2
-batchMode
-noUpm
-name
AssetImportWorker0
-projectPath
C:/Users/Trixia/OneDrive/Desktop/My project (1)
-logFile
Logs/AssetImportWorker0.log
-srvPort
50025
-job-worker-count
3
-background-job-worker-count
8
-asset-garbage-collectors
1
Successfully changed project path to: C:/Users/Trixia/OneDrive/Desktop/My project (1)
C:/Users/Trixia/OneDrive/Desktop/My project (1)
[UnityMemory] Configuration Parameters - Can be set up in boot.config
    "memorysetup-bucket-allocator-granularity=16"
    "memorysetup-bucket-allocator-bucket-count=8"
    "memorysetup-bucket-allocator-block-size=33554432"
    "memorysetup-bucket-allocator-block-count=8"
    "memorysetup-main-allocator-block-size=16777216"
    "memorysetup-thread-allocator-block-size=16777216"
    "memorysetup-gfx-main-allocator-block-size=16777216"
    "memorysetup-gfx-thread-allocator-block-size=16777216"
    "memorysetup-cache-allocator-block-size=4194304"
    "memorysetup-typetree-allocator-block-size=2097152"
    "memorysetup-profiler-bucket-allocator-granularity=16"
    "memorysetup-profiler-bucket-allocator-bucket-count=8"
    "memorysetup-profiler-bucket-allocator-block-size=33554432"
    "memorysetup-profiler-bucket-allocator-block-count=8"
    "memorysetup-profiler-allocator-block-size=16777216"
    "memorysetup-profiler-editor-allocator-block-size=1048576"
    "memorysetup-temp-allocator-size-main=16777216"
    "memorysetup-job-temp-allocator-block-size=2097152"
    "memorysetup-job-temp-allocator-block-size-background=1048576"
    "memorysetup-job-temp-allocator-reduction-small-platforms=262144"
    "memorysetup-allocator-temp-initial-block-size-main=262144"
    "memorysetup-allocator-temp-initial-block-size-worker=262144"
    "memorysetup-temp-allocator-size-background-worker=32768"
    "memorysetup-temp-allocator-size-job-worker=262144"
    "memorysetup-temp-allocator-size-preload-manager=33554432"
    "memorysetup-temp-allocator-size-nav-mesh-worker=65536"
    "memorysetup-temp-allocator-size-audio-worker=65536"
    "memorysetup-temp-allocator-size-cloud-worker=32768"
    "memorysetup-temp-allocator-size-gi-baking-worker=262144"
    "memorysetup-temp-allocator-size-gi-baking-worker=262144"
    "memorysetup-temp-allocator-size-gi-baking-worker=262144"
    "memorysetup-temp-allocator-size-gi-baking-worker=262144"
    "memorysetup-temp-allocator-size-gi-baking-worker=262144"
    "memorysetup-temp-allocator-size-gfx=262144"
Player connection [6104]  Target information:

Player connection [6104]  * "[IP] 192.168.56.1 [Port] 0 [Flags] 2 [Guid] 852521006 [EditorId] 852521006 [Version] 1048832 [Id] WindowsEditor(7,LAPTOP-S1VRPHA8) [Debug] 1 [PackageName] WindowsEditor [ProjectName] Editor" 

Player connection [6104]  * "[IP] 192.168.1.4 [Port] 0 [Flags] 2 [Guid] 852521006 [EditorId] 852521006 [Version] 1048832 [Id] WindowsEditor(7,LAPTOP-S1VRPHA8) [Debug] 1 [PackageName] WindowsEditor [ProjectName] Editor" 

Player connection [6104] Host joined multi-casting on [225.0.0.222:54997]...
Player connection [6104] Host joined alternative multi-casting on [225.0.0.222:34997]...
JobSystem: Creating JobQueue using job-worker-count value 3
[Physics::Module] Initialized fallback backend.
[Physics::Module] Id: 0xdecafbad
Library Redirect Path: Library/
[Physics::Module] Selected backend.
[Physics::Module] Name: PhysX
[Physics::Module] Id: 0xf2b8ea05
[Physics::Module] SDK Version: 4.1.2
[Physics::Module] Integration Version: 1.0.0
[Physics::Module] Threading Mode: Multi-Threaded
Refreshing native plugins compatible for Editor in 33.38 ms, found 6 plugins.
Preloading 2 native plugins for Editor in 11.04 ms.
Initialize engine version: 6000.0.28f1 (f336aca0cab5)
[Subsystems] Discovering subsystems at path C:/Program Files/Unity/Hub/Editor/6000.0.28f1/Editor/Data/Resources/UnitySubsystems
[Subsystems] Discovering subsystems at path C:/Users/Trixia/OneDrive/Desktop/My project (1)/Assets
GfxDevice: creating device client; kGfxThreadingModeNonThreaded
Direct3D:
    Version:  Direct3D 11.0 [level 11.1]
    Renderer: NVIDIA GeForce MX330 (ID=0x1d16)
    Vendor:   NVIDIA
    VRAM:     1983 MB
    Driver:   30.0.14.7219
Initialize mono
Mono path[0] = 'C:/Program Files/Unity/Hub/Editor/6000.0.28f1/Editor/Data/Managed'
Mono path[1] = 'C:/Program Files/Unity/Hub/Editor/6000.0.28f1/Editor/Data/MonoBleedingEdge/lib/mono/unityjit-win32'
Mono config path = 'C:/Program Files/Unity/Hub/Editor/6000.0.28f1/Editor/Data/MonoBleedingEdge/etc'
Using monoOptions --debugger-agent=transport=dt_socket,embedding=1,server=y,suspend=n,address=127.0.0.1:56972
Begin MonoManager ReloadAssembly
Registering precompiled unity dll's ...
Register platform support module: C:/Program Files/Unity/Hub/Editor/6000.0.28f1/Editor/Data/PlaybackEngines/WindowsStandaloneSupport/UnityEditor.WindowsStandalone.Extensions.dll
Register platform support module: C:/Program Files/Unity/Hub/Editor/6000.0.28f1/Editor/Data/PlaybackEngines/AndroidPlayer/UnityEditor.Android.Extensions.dll
Registered in 0.023582 seconds.
- Loaded All Assemblies, in  1.962 seconds
Native extension for Android target not found
Android Extension - Scanning For ADB Devices 770 ms
Native extension for WindowsStandalone target not found
Mono: successfully reloaded assembly
- Finished resetting the current domain, in  2.161 seconds
Domain Reload Profiling: 4116ms
	BeginReloadAssembly (834ms)
		ExecutionOrderSort (0ms)
		DisableScriptedObjects (0ms)
		BackupInstance (0ms)
		ReleaseScriptingObjects (0ms)
		CreateAndSetChildDomain (4ms)
	RebuildCommonClasses (138ms)
	RebuildNativeTypeToScriptingClass (61ms)
	initialDomainReloadingComplete (227ms)
	LoadAllAssembliesAndSetupDomain (694ms)
		LoadAssemblies (811ms)
		RebuildTransferFunctionScriptingTraits (0ms)
		AnalyzeDomain (678ms)
			TypeCache.Refresh (673ms)
				TypeCache.ScanAssembly (617ms)
			BuildScriptInfoCaches (1ms)
			ResolveRequiredComponents (2ms)
	FinalizeReload (2162ms)
		ReleaseScriptCaches (0ms)
		RebuildScriptCaches (0ms)
		SetupLoadedEditorAssemblies (1990ms)
			LogAssemblyErrors (0ms)
			InitializePlatformSupportModulesInManaged (1143ms)
			SetLoadedEditorAssemblies (12ms)
			BeforeProcessingInitializeOnLoad (20ms)
			ProcessInitializeOnLoadAttributes (490ms)
			ProcessInitializeOnLoadMethodAttributes (302ms)
			AfterProcessingInitializeOnLoad (23ms)
			EditorAssembliesLoaded (0ms)
		ExecutionOrderSort2 (0ms)
		AwakeInstancesAfterBackupRestoration (0ms)
========================================================================
Worker process is ready to serve import requests
Import Worker Mode flag is 0x00
Begin MonoManager ReloadAssembly
Symbol file LoadedFromMemory is not a mono symbol file
- Loaded All Assemblies, in  6.949 seconds
Refreshing native plugins compatible for Editor in 21.14 ms, found 6 plugins.
Native extension for Android target not found
Native extension for WindowsStandalone target not found
Mono: successfully reloaded assembly
- Finished resetting the current domain, in  5.925 seconds
Domain Reload Profiling: 12853ms
	BeginReloadAssembly (1874ms)
		ExecutionOrderSort (0ms)
		DisableScriptedObjects (18ms)
		BackupInstance (0ms)
		ReleaseScriptingObjects (0ms)
		CreateAndSetChildDomain (78ms)
	RebuildCommonClasses (178ms)
	RebuildNativeTypeToScriptingClass (66ms)
	initialDomainReloadingComplete (182ms)
	LoadAllAssembliesAndSetupDomain (4625ms)
		LoadAssemblies (2531ms)
		RebuildTransferFunctionScriptingTraits (0ms)
		AnalyzeDomain (2380ms)
			TypeCache.Refresh (1864ms)
				TypeCache.ScanAssembly (1679ms)
			BuildScriptInfoCaches (424ms)
			ResolveRequiredComponents (79ms)
	FinalizeReload (5927ms)
		ReleaseScriptCaches (0ms)
		RebuildScriptCaches (0ms)
		SetupLoadedEditorAssemblies (4401ms)
			LogAssemblyErrors (0ms)
			InitializePlatformSupportModulesInManaged (93ms)
			SetLoadedEditorAssemblies (31ms)
			BeforeProcessingInitializeOnLoad (548ms)
			ProcessInitializeOnLoadAttributes (3220ms)
			ProcessInitializeOnLoadMethodAttributes (462ms)
			AfterProcessingInitializeOnLoad (45ms)
			EditorAssembliesLoaded (1ms)
		ExecutionOrderSort2 (0ms)
		AwakeInstancesAfterBackupRestoration (34ms)
Launched and connected shader compiler UnityShaderCompiler.exe after 0.04 seconds
Refreshing native plugins compatible for Editor in 14.92 ms, found 6 plugins.
Preloading 2 native plugins for Editor in 0.49 ms.
Unloading 245 Unused Serialized files (Serialized files now loaded: 0)
Unloading 6010 unused Assets / (28.3 MB). Loaded Objects now: 6908.
Memory consumption went from 195.9 MB to 167.6 MB.
Total: 25.057600 ms (FindLiveObjects: 2.974000 ms CreateObjectMapping: 2.208900 ms MarkObjects: 13.853600 ms  DeleteObjects: 6.015300 ms)

========================================================================
Received Import Request.
  Time since last request: 479.027915 seconds.
  path: Assets/UI/speaker-filled-audio-tool.png
  artifactKey: Guid(de08e2345fca6df4598b5d8d2524629e) Importer(815301076,1909f56bfc062723c751e8b465ee728b)
Start importing Assets/UI/speaker-filled-audio-tool.png using Guid(de08e2345fca6df4598b5d8d2524629e) Importer(815301076,1909f56bfc062723c751e8b465ee728b) (PreviewImporter) -> (artifact id: '1b5513f1e95a97f89b59252ccd7f0890') in 0.2781078 seconds
Number of updated asset objects reloaded before import = 0Number of asset objects unloaded after import = 3

========================================================================
Received Prepare
Refreshing native plugins compatible for Editor in 20.36 ms, found 6 plugins.
Preloading 2 native plugins for Editor in 0.23 ms.
Unloading 13 Unused Serialized files (Serialized files now loaded: 0)
Unloading 5988 unused Assets / (5.1 MB). Loaded Objects now: 6916.
Memory consumption went from 153.6 MB to 148.5 MB.
Total: 217.187500 ms (FindLiveObjects: 3.502600 ms CreateObjectMapping: 1.404200 ms MarkObjects: 204.988800 ms  DeleteObjects: 7.288900 ms)

Prepare: number of updated asset objects reloaded= 0
========================================================================
Received Import Request.
  Time since last request: 344.033191 seconds.
  path: Assets/Script/ModelSwitcher.cs
  artifactKey: Guid(8414253f6787e3b4c942c146d50079b1) Importer(815301076,1909f56bfc062723c751e8b465ee728b)
Start importing Assets/Script/ModelSwitcher.cs using Guid(8414253f6787e3b4c942c146d50079b1) Importer(815301076,1909f56bfc062723c751e8b465ee728b) (PreviewImporter) -> (artifact id: '747ab57c09cd9d92b46195ac44a34ba0') in 0.2608925 seconds
Number of updated asset objects reloaded before import = 0Number of asset objects unloaded after import = 0

========================================================================
Received Prepare
Begin MonoManager ReloadAssembly
Symbol file LoadedFromMemory is not a mono symbol file
- Loaded All Assemblies, in  5.475 seconds
Refreshing native plugins compatible for Editor in 34.99 ms, found 6 plugins.
Native extension for Android target not found
Native extension for WindowsStandalone target not found
Mono: successfully reloaded assembly
- Finished resetting the current domain, in  4.816 seconds
Domain Reload Profiling: 10289ms
	BeginReloadAssembly (1415ms)
		ExecutionOrderSort (0ms)
		DisableScriptedObjects (83ms)
		BackupInstance (0ms)
		ReleaseScriptingObjects (2ms)
		CreateAndSetChildDomain (533ms)
	RebuildCommonClasses (140ms)
	RebuildNativeTypeToScriptingClass (61ms)
	initialDomainReloadingComplete (143ms)
	LoadAllAssembliesAndSetupDomain (3712ms)
		LoadAssemblies (2986ms)
		RebuildTransferFunctionScriptingTraits (0ms)
		AnalyzeDomain (1269ms)
			TypeCache.Refresh (71ms)
				TypeCache.ScanAssembly (4ms)
			BuildScriptInfoCaches (1102ms)
			ResolveRequiredComponents (69ms)
	FinalizeReload (4818ms)
		ReleaseScriptCaches (0ms)
		RebuildScriptCaches (0ms)
		SetupLoadedEditorAssemblies (2892ms)
			LogAssemblyErrors (0ms)
			InitializePlatformSupportModulesInManaged (55ms)
			SetLoadedEditorAssemblies (21ms)
			BeforeProcessingInitializeOnLoad (461ms)
			ProcessInitializeOnLoadAttributes (1898ms)
			ProcessInitializeOnLoadMethodAttributes (378ms)
			AfterProcessingInitializeOnLoad (75ms)
			EditorAssembliesLoaded (5ms)
		ExecutionOrderSort2 (0ms)
		AwakeInstancesAfterBackupRestoration (76ms)
Refreshing native plugins compatible for Editor in 28.21 ms, found 6 plugins.
Preloading 2 native plugins for Editor in 0.34 ms.
Unloading 23 Unused Serialized files (Serialized files now loaded: 0)
Unloading 6008 unused Assets / (4.0 MB). Loaded Objects now: 6930.
Memory consumption went from 167.6 MB to 163.6 MB.
Total: 38.153100 ms (FindLiveObjects: 3.522400 ms CreateObjectMapping: 1.839500 ms MarkObjects: 26.926600 ms  DeleteObjects: 5.861700 ms)

Prepare: number of updated asset objects reloaded= 0
========================================================================
Received Prepare
Refreshing native plugins compatible for Editor in 25.94 ms, found 6 plugins.
Preloading 2 native plugins for Editor in 0.64 ms.
Unloading 13 Unused Serialized files (Serialized files now loaded: 0)
Unloading 5988 unused Assets / (4.2 MB). Loaded Objects now: 6930.
Memory consumption went from 166.0 MB to 161.7 MB.
Total: 47.144500 ms (FindLiveObjects: 1.828800 ms CreateObjectMapping: 2.156700 ms MarkObjects: 35.039400 ms  DeleteObjects: 8.115500 ms)

Prepare: number of updated asset objects reloaded= 0
========================================================================
Received Prepare
Begin MonoManager ReloadAssembly
Symbol file LoadedFromMemory is not a mono symbol file
- Loaded All Assemblies, in  6.433 seconds
Refreshing native plugins compatible for Editor in 26.73 ms, found 6 plugins.
Native extension for Android target not found
Native extension for WindowsStandalone target not found
Mono: successfully reloaded assembly
- Finished resetting the current domain, in  5.001 seconds
Domain Reload Profiling: 11416ms
	BeginReloadAssembly (1333ms)
		ExecutionOrderSort (0ms)
		DisableScriptedObjects (62ms)
		BackupInstance (0ms)
		ReleaseScriptingObjects (3ms)
		CreateAndSetChildDomain (354ms)
	RebuildCommonClasses (274ms)
	RebuildNativeTypeToScriptingClass (83ms)
	initialDomainReloadingComplete (252ms)
	LoadAllAssembliesAndSetupDomain (4470ms)
		LoadAssemblies (3410ms)
		RebuildTransferFunctionScriptingTraits (0ms)
		AnalyzeDomain (1732ms)
			TypeCache.Refresh (69ms)
				TypeCache.ScanAssembly (6ms)
			BuildScriptInfoCaches (1555ms)
			ResolveRequiredComponents (85ms)
	FinalizeReload (5004ms)
		ReleaseScriptCaches (0ms)
		RebuildScriptCaches (0ms)
		SetupLoadedEditorAssemblies (3499ms)
			LogAssemblyErrors (0ms)
			InitializePlatformSupportModulesInManaged (48ms)
			SetLoadedEditorAssemblies (12ms)
			BeforeProcessingInitializeOnLoad (530ms)
			ProcessInitializeOnLoadAttributes (2535ms)
			ProcessInitializeOnLoadMethodAttributes (309ms)
			AfterProcessingInitializeOnLoad (63ms)
			EditorAssembliesLoaded (2ms)
		ExecutionOrderSort2 (0ms)
		AwakeInstancesAfterBackupRestoration (62ms)
Refreshing native plugins compatible for Editor in 28.14 ms, found 6 plugins.
Preloading 2 native plugins for Editor in 2.91 ms.
Unloading 13 Unused Serialized files (Serialized files now loaded: 0)
Unloading 6008 unused Assets / (3.9 MB). Loaded Objects now: 6932.
Memory consumption went from 165.9 MB to 161.9 MB.
Total: 43.213200 ms (FindLiveObjects: 2.595400 ms CreateObjectMapping: 2.144500 ms MarkObjects: 28.152400 ms  DeleteObjects: 10.312600 ms)

Prepare: number of updated asset objects reloaded= 0
========================================================================
Received Prepare
Refreshing native plugins compatible for Editor in 15.26 ms, found 6 plugins.
Preloading 2 native plugins for Editor in 0.31 ms.
Unloading 13 Unused Serialized files (Serialized files now loaded: 0)
Unloading 5988 unused Assets / (4.8 MB). Loaded Objects now: 6932.
Memory consumption went from 166.0 MB to 161.2 MB.
Total: 32.170800 ms (FindLiveObjects: 1.646800 ms CreateObjectMapping: 1.780400 ms MarkObjects: 19.482600 ms  DeleteObjects: 9.258000 ms)

Prepare: number of updated asset objects reloaded= 0
========================================================================
Received Prepare
Begin MonoManager ReloadAssembly
Symbol file LoadedFromMemory is not a mono symbol file
- Loaded All Assemblies, in  3.637 seconds
Refreshing native plugins compatible for Editor in 30.95 ms, found 6 plugins.
Native extension for Android target not found
Native extension for WindowsStandalone target not found
Mono: successfully reloaded assembly
- Finished resetting the current domain, in  6.411 seconds
Domain Reload Profiling: 10050ms
	BeginReloadAssembly (903ms)
		ExecutionOrderSort (0ms)
		DisableScriptedObjects (47ms)
		BackupInstance (0ms)
		ReleaseScriptingObjects (1ms)
		CreateAndSetChildDomain (191ms)
	RebuildCommonClasses (156ms)
	RebuildNativeTypeToScriptingClass (59ms)
	initialDomainReloadingComplete (113ms)
	LoadAllAssembliesAndSetupDomain (2401ms)
		LoadAssemblies (1903ms)
		RebuildTransferFunctionScriptingTraits (0ms)
		AnalyzeDomain (1007ms)
			TypeCache.Refresh (28ms)
				TypeCache.ScanAssembly (2ms)
			BuildScriptInfoCaches (870ms)
			ResolveRequiredComponents (92ms)
	FinalizeReload (6418ms)
		ReleaseScriptCaches (0ms)
		RebuildScriptCaches (0ms)
		SetupLoadedEditorAssemblies (4144ms)
			LogAssemblyErrors (0ms)
			InitializePlatformSupportModulesInManaged (86ms)
			SetLoadedEditorAssemblies (41ms)
			BeforeProcessingInitializeOnLoad (513ms)
			ProcessInitializeOnLoadAttributes (3016ms)
			ProcessInitializeOnLoadMethodAttributes (408ms)
			AfterProcessingInitializeOnLoad (80ms)
			EditorAssembliesLoaded (1ms)
		ExecutionOrderSort2 (0ms)
		AwakeInstancesAfterBackupRestoration (86ms)
Refreshing native plugins compatible for Editor in 95.49 ms, found 6 plugins.
Preloading 2 native plugins for Editor in 1.26 ms.
Unloading 13 Unused Serialized files (Serialized files now loaded: 0)
Unloading 6008 unused Assets / (4.0 MB). Loaded Objects now: 6934.
Memory consumption went from 165.9 MB to 161.9 MB.
Total: 64.883500 ms (FindLiveObjects: 2.983300 ms CreateObjectMapping: 3.531100 ms MarkObjects: 41.240600 ms  DeleteObjects: 17.119000 ms)

Prepare: number of updated asset objects reloaded= 0
========================================================================
Received Import Request.
  Time since last request: 564.560501 seconds.
  path: Assets/Audio
  artifactKey: Guid(a13b3000318ff0944a6d8afa7216d6ca) Importer(815301076,1909f56bfc062723c751e8b465ee728b)
Start importing Assets/Audio using Guid(a13b3000318ff0944a6d8afa7216d6ca) Importer(815301076,1909f56bfc062723c751e8b465ee728b) (PreviewImporter) -> (artifact id: 'c5c92f2fadfc64a3391edd1aaf12a4a1') in 0.591847 seconds
Number of updated asset objects reloaded before import = 0Number of asset objects unloaded after import = 0

========================================================================
Received Import Request.
  Time since last request: 0.000106 seconds.
  path: Assets/Audio/rhino.mp3
  artifactKey: Guid(ebb2f67e79b55b847ab35754c6a16976) Importer(815301076,1909f56bfc062723c751e8b465ee728b)
Start importing Assets/Audio/rhino.mp3 using Guid(ebb2f67e79b55b847ab35754c6a16976) Importer(815301076,1909f56bfc062723c751e8b465ee728b) (PreviewImporter) -> (artifact id: 'e703b6b2c10d1686a3a7e110d0e50256') in 0.396028 seconds
Number of updated asset objects reloaded before import = 0Number of asset objects unloaded after import = 2

========================================================================
Received Import Request.
  Time since last request: 0.000265 seconds.
  path: Assets/Audio/deer.mp3
  artifactKey: Guid(67eebe3c81b756945be23fe5939ff6f9) Importer(815301076,1909f56bfc062723c751e8b465ee728b)
Start importing Assets/Audio/deer.mp3 using Guid(67eebe3c81b756945be23fe5939ff6f9) Importer(815301076,1909f56bfc062723c751e8b465ee728b) (PreviewImporter) -> (artifact id: '25f7948f3a4851db52fc880529866d3d') in 0.0304709 seconds
Number of updated asset objects reloaded before import = 0Number of asset objects unloaded after import = 2

========================================================================
Received Import Request.
  Time since last request: 0.000124 seconds.
  path: Assets/Audio/hippo.mp3
  artifactKey: Guid(e74b84f9805b89e45b5fec45c748d1ff) Importer(815301076,1909f56bfc062723c751e8b465ee728b)
Start importing Assets/Audio/hippo.mp3 using Guid(e74b84f9805b89e45b5fec45c748d1ff) Importer(815301076,1909f56bfc062723c751e8b465ee728b) (PreviewImporter) -> (artifact id: '0619818977ab784e9efa4c4516f21372') in 0.023621 seconds
Number of updated asset objects reloaded before import = 0Number of asset objects unloaded after import = 2

========================================================================
Received Prepare
Begin MonoManager ReloadAssembly
Symbol file LoadedFromMemory is not a mono symbol file
- Loaded All Assemblies, in  2.781 seconds
Refreshing native plugins compatible for Editor in 11.70 ms, found 6 plugins.
Native extension for Android target not found
Native extension for WindowsStandalone target not found
Mono: successfully reloaded assembly
- Finished resetting the current domain, in  4.879 seconds
Domain Reload Profiling: 7658ms
	BeginReloadAssembly (693ms)
		ExecutionOrderSort (0ms)
		DisableScriptedObjects (18ms)
		BackupInstance (0ms)
		ReleaseScriptingObjects (1ms)
		CreateAndSetChildDomain (156ms)
	RebuildCommonClasses (137ms)
	RebuildNativeTypeToScriptingClass (63ms)
	initialDomainReloadingComplete (111ms)
	LoadAllAssembliesAndSetupDomain (1772ms)
		LoadAssemblies (1399ms)
		RebuildTransferFunctionScriptingTraits (0ms)
		AnalyzeDomain (769ms)
			TypeCache.Refresh (21ms)
				TypeCache.ScanAssembly (0ms)
			BuildScriptInfoCaches (687ms)
			ResolveRequiredComponents (50ms)
	FinalizeReload (4882ms)
		ReleaseScriptCaches (0ms)
		RebuildScriptCaches (0ms)
		SetupLoadedEditorAssemblies (3254ms)
			LogAssemblyErrors (0ms)
			InitializePlatformSupportModulesInManaged (51ms)
			SetLoadedEditorAssemblies (15ms)
			BeforeProcessingInitializeOnLoad (291ms)
			ProcessInitializeOnLoadAttributes (2360ms)
			ProcessInitializeOnLoadMethodAttributes (454ms)
			AfterProcessingInitializeOnLoad (73ms)
			EditorAssembliesLoaded (10ms)
		ExecutionOrderSort2 (0ms)
		AwakeInstancesAfterBackupRestoration (88ms)
Refreshing native plugins compatible for Editor in 19.94 ms, found 6 plugins.
Preloading 2 native plugins for Editor in 0.61 ms.
Unloading 13 Unused Serialized files (Serialized files now loaded: 0)
Unloading 6008 unused Assets / (4.2 MB). Loaded Objects now: 6942.
Memory consumption went from 166.0 MB to 161.8 MB.
Total: 31.189600 ms (FindLiveObjects: 1.865500 ms CreateObjectMapping: 2.496600 ms MarkObjects: 18.158200 ms  DeleteObjects: 8.666300 ms)

Prepare: number of updated asset objects reloaded= 0
