Using pre-set license
Built from '6000.0/staging' branch; Version is '6000.0.28f1 (f336aca0cab5) revision 15939244'; Using compiler version '193933523'; Build Type 'Release'
OS: 'Windows 10  (10.0.19045) 64bit CoreSingleLanguage' Language: 'en' Physical Memory: 7934 MB
BatchMode: 1, IsHumanControllingUs: 0, StartBugReporterOnCrash: 0, Is64bit: 1, IsPro: 1

COMMAND LINE ARGUMENTS:
C:\Program Files\Unity\Hub\Editor\6000.0.28f1\Editor\Unity.exe
-adb2
-batchMode
-noUpm
-name
AssetImportWorker1
-projectPath
C:/Users/Trixia/OneDrive/Desktop/My project (1)
-logFile
Logs/AssetImportWorker1.log
-srvPort
50025
-job-worker-count
3
-background-job-worker-count
8
-asset-garbage-collectors
1
Successfully changed project path to: C:/Users/Trixia/OneDrive/Desktop/My project (1)
C:/Users/Trixia/OneDrive/Desktop/My project (1)
[UnityMemory] Configuration Parameters - Can be set up in boot.config
    "memorysetup-bucket-allocator-granularity=16"
    "memorysetup-bucket-allocator-bucket-count=8"
    "memorysetup-bucket-allocator-block-size=33554432"
    "memorysetup-bucket-allocator-block-count=8"
    "memorysetup-main-allocator-block-size=16777216"
    "memorysetup-thread-allocator-block-size=16777216"
    "memorysetup-gfx-main-allocator-block-size=16777216"
    "memorysetup-gfx-thread-allocator-block-size=16777216"
    "memorysetup-cache-allocator-block-size=4194304"
    "memorysetup-typetree-allocator-block-size=2097152"
    "memorysetup-profiler-bucket-allocator-granularity=16"
    "memorysetup-profiler-bucket-allocator-bucket-count=8"
    "memorysetup-profiler-bucket-allocator-block-size=33554432"
    "memorysetup-profiler-bucket-allocator-block-count=8"
    "memorysetup-profiler-allocator-block-size=16777216"
    "memorysetup-profiler-editor-allocator-block-size=1048576"
    "memorysetup-temp-allocator-size-main=16777216"
    "memorysetup-job-temp-allocator-block-size=2097152"
    "memorysetup-job-temp-allocator-block-size-background=1048576"
    "memorysetup-job-temp-allocator-reduction-small-platforms=262144"
    "memorysetup-allocator-temp-initial-block-size-main=262144"
    "memorysetup-allocator-temp-initial-block-size-worker=262144"
    "memorysetup-temp-allocator-size-background-worker=32768"
    "memorysetup-temp-allocator-size-job-worker=262144"
    "memorysetup-temp-allocator-size-preload-manager=33554432"
    "memorysetup-temp-allocator-size-nav-mesh-worker=65536"
    "memorysetup-temp-allocator-size-audio-worker=65536"
    "memorysetup-temp-allocator-size-cloud-worker=32768"
    "memorysetup-temp-allocator-size-gi-baking-worker=262144"
    "memorysetup-temp-allocator-size-gi-baking-worker=262144"
    "memorysetup-temp-allocator-size-gi-baking-worker=262144"
    "memorysetup-temp-allocator-size-gi-baking-worker=262144"
    "memorysetup-temp-allocator-size-gi-baking-worker=262144"
    "memorysetup-temp-allocator-size-gfx=262144"
Player connection [19184]  Target information:

Player connection [19184]  * "[IP] 192.168.56.1 [Port] 0 [Flags] 2 [Guid] 2716554087 [EditorId] 2716554087 [Version] 1048832 [Id] WindowsEditor(7,LAPTOP-S1VRPHA8) [Debug] 1 [PackageName] WindowsEditor [ProjectName] Editor" 

Player connection [19184]  * "[IP] 192.168.1.4 [Port] 0 [Flags] 2 [Guid] 2716554087 [EditorId] 2716554087 [Version] 1048832 [Id] WindowsEditor(7,LAPTOP-S1VRPHA8) [Debug] 1 [PackageName] WindowsEditor [ProjectName] Editor" 

Player connection [19184] Host joined multi-casting on [225.0.0.222:54997]...
Player connection [19184] Host joined alternative multi-casting on [225.0.0.222:34997]...
JobSystem: Creating JobQueue using job-worker-count value 3
[Physics::Module] Initialized fallback backend.
[Physics::Module] Id: 0xdecafbad
Library Redirect Path: Library/
[Physics::Module] Selected backend.
[Physics::Module] Name: PhysX
[Physics::Module] Id: 0xf2b8ea05
[Physics::Module] SDK Version: 4.1.2
[Physics::Module] Integration Version: 1.0.0
[Physics::Module] Threading Mode: Multi-Threaded
Refreshing native plugins compatible for Editor in 33.45 ms, found 6 plugins.
Preloading 2 native plugins for Editor in 10.92 ms.
Initialize engine version: 6000.0.28f1 (f336aca0cab5)
[Subsystems] Discovering subsystems at path C:/Program Files/Unity/Hub/Editor/6000.0.28f1/Editor/Data/Resources/UnitySubsystems
[Subsystems] Discovering subsystems at path C:/Users/Trixia/OneDrive/Desktop/My project (1)/Assets
GfxDevice: creating device client; kGfxThreadingModeNonThreaded
Direct3D:
    Version:  Direct3D 11.0 [level 11.1]
    Renderer: NVIDIA GeForce MX330 (ID=0x1d16)
    Vendor:   NVIDIA
    VRAM:     1983 MB
    Driver:   30.0.14.7219
Initialize mono
Mono path[0] = 'C:/Program Files/Unity/Hub/Editor/6000.0.28f1/Editor/Data/Managed'
Mono path[1] = 'C:/Program Files/Unity/Hub/Editor/6000.0.28f1/Editor/Data/MonoBleedingEdge/lib/mono/unityjit-win32'
Mono config path = 'C:/Program Files/Unity/Hub/Editor/6000.0.28f1/Editor/Data/MonoBleedingEdge/etc'
Using monoOptions --debugger-agent=transport=dt_socket,embedding=1,server=y,suspend=n,address=127.0.0.1:56892
Begin MonoManager ReloadAssembly
Registering precompiled unity dll's ...
Register platform support module: C:/Program Files/Unity/Hub/Editor/6000.0.28f1/Editor/Data/PlaybackEngines/WindowsStandaloneSupport/UnityEditor.WindowsStandalone.Extensions.dll
Register platform support module: C:/Program Files/Unity/Hub/Editor/6000.0.28f1/Editor/Data/PlaybackEngines/AndroidPlayer/UnityEditor.Android.Extensions.dll
Registered in 0.015663 seconds.
- Loaded All Assemblies, in  1.971 seconds
Native extension for Android target not found
Android Extension - Scanning For ADB Devices 740 ms
Native extension for WindowsStandalone target not found
Mono: successfully reloaded assembly
- Finished resetting the current domain, in  2.156 seconds
Domain Reload Profiling: 4117ms
	BeginReloadAssembly (858ms)
		ExecutionOrderSort (0ms)
		DisableScriptedObjects (0ms)
		BackupInstance (0ms)
		ReleaseScriptingObjects (0ms)
		CreateAndSetChildDomain (4ms)
	RebuildCommonClasses (152ms)
	RebuildNativeTypeToScriptingClass (56ms)
	initialDomainReloadingComplete (204ms)
	LoadAllAssembliesAndSetupDomain (689ms)
		LoadAssemblies (835ms)
		RebuildTransferFunctionScriptingTraits (0ms)
		AnalyzeDomain (677ms)
			TypeCache.Refresh (672ms)
				TypeCache.ScanAssembly (626ms)
			BuildScriptInfoCaches (1ms)
			ResolveRequiredComponents (2ms)
	FinalizeReload (2158ms)
		ReleaseScriptCaches (0ms)
		RebuildScriptCaches (0ms)
		SetupLoadedEditorAssemblies (1944ms)
			LogAssemblyErrors (0ms)
			InitializePlatformSupportModulesInManaged (1126ms)
			SetLoadedEditorAssemblies (13ms)
			BeforeProcessingInitializeOnLoad (21ms)
			ProcessInitializeOnLoadAttributes (477ms)
			ProcessInitializeOnLoadMethodAttributes (295ms)
			AfterProcessingInitializeOnLoad (11ms)
			EditorAssembliesLoaded (0ms)
		ExecutionOrderSort2 (0ms)
		AwakeInstancesAfterBackupRestoration (0ms)
========================================================================
Worker process is ready to serve import requests
Import Worker Mode flag is 0x00
Begin MonoManager ReloadAssembly
Symbol file LoadedFromMemory is not a mono symbol file
- Loaded All Assemblies, in  6.683 seconds
Refreshing native plugins compatible for Editor in 15.28 ms, found 6 plugins.
Native extension for Android target not found
Native extension for WindowsStandalone target not found
Mono: successfully reloaded assembly
- Finished resetting the current domain, in  5.940 seconds
Domain Reload Profiling: 12615ms
	BeginReloadAssembly (1878ms)
		ExecutionOrderSort (0ms)
		DisableScriptedObjects (16ms)
		BackupInstance (0ms)
		ReleaseScriptingObjects (0ms)
		CreateAndSetChildDomain (82ms)
	RebuildCommonClasses (192ms)
	RebuildNativeTypeToScriptingClass (58ms)
	initialDomainReloadingComplete (182ms)
	LoadAllAssembliesAndSetupDomain (4363ms)
		LoadAssemblies (2508ms)
		RebuildTransferFunctionScriptingTraits (0ms)
		AnalyzeDomain (2167ms)
			TypeCache.Refresh (1705ms)
				TypeCache.ScanAssembly (1374ms)
			BuildScriptInfoCaches (388ms)
			ResolveRequiredComponents (61ms)
	FinalizeReload (5943ms)
		ReleaseScriptCaches (0ms)
		RebuildScriptCaches (0ms)
		SetupLoadedEditorAssemblies (4463ms)
			LogAssemblyErrors (0ms)
			InitializePlatformSupportModulesInManaged (62ms)
			SetLoadedEditorAssemblies (24ms)
			BeforeProcessingInitializeOnLoad (330ms)
			ProcessInitializeOnLoadAttributes (3512ms)
			ProcessInitializeOnLoadMethodAttributes (489ms)
			AfterProcessingInitializeOnLoad (44ms)
			EditorAssembliesLoaded (1ms)
		ExecutionOrderSort2 (0ms)
		AwakeInstancesAfterBackupRestoration (30ms)
Launched and connected shader compiler UnityShaderCompiler.exe after 0.04 seconds
Refreshing native plugins compatible for Editor in 17.44 ms, found 6 plugins.
Preloading 2 native plugins for Editor in 0.57 ms.
Unloading 245 Unused Serialized files (Serialized files now loaded: 0)
Unloading 6010 unused Assets / (28.9 MB). Loaded Objects now: 6908.
Memory consumption went from 195.7 MB to 166.8 MB.
Total: 29.893300 ms (FindLiveObjects: 3.590400 ms CreateObjectMapping: 1.223300 ms MarkObjects: 17.850200 ms  DeleteObjects: 7.223800 ms)

========================================================================
Received Prepare
Refreshing native plugins compatible for Editor in 21.75 ms, found 6 plugins.
Preloading 2 native plugins for Editor in 0.32 ms.
Unloading 13 Unused Serialized files (Serialized files now loaded: 0)
Unloading 5988 unused Assets / (3.8 MB). Loaded Objects now: 6908.
Memory consumption went from 152.6 MB to 148.7 MB.
Total: 231.674000 ms (FindLiveObjects: 1.631800 ms CreateObjectMapping: 1.488400 ms MarkObjects: 224.428000 ms  DeleteObjects: 4.121700 ms)

Prepare: number of updated asset objects reloaded= 0
========================================================================
Received Prepare
Begin MonoManager ReloadAssembly
Symbol file LoadedFromMemory is not a mono symbol file
- Loaded All Assemblies, in  5.460 seconds
Refreshing native plugins compatible for Editor in 27.29 ms, found 6 plugins.
Native extension for Android target not found
Native extension for WindowsStandalone target not found
Mono: successfully reloaded assembly
- Finished resetting the current domain, in  5.066 seconds
Domain Reload Profiling: 10518ms
	BeginReloadAssembly (1390ms)
		ExecutionOrderSort (0ms)
		DisableScriptedObjects (81ms)
		BackupInstance (0ms)
		ReleaseScriptingObjects (2ms)
		CreateAndSetChildDomain (529ms)
	RebuildCommonClasses (160ms)
	RebuildNativeTypeToScriptingClass (56ms)
	initialDomainReloadingComplete (141ms)
	LoadAllAssembliesAndSetupDomain (3701ms)
		LoadAssemblies (2908ms)
		RebuildTransferFunctionScriptingTraits (0ms)
		AnalyzeDomain (1288ms)
			TypeCache.Refresh (53ms)
				TypeCache.ScanAssembly (4ms)
			BuildScriptInfoCaches (1097ms)
			ResolveRequiredComponents (101ms)
	FinalizeReload (5069ms)
		ReleaseScriptCaches (0ms)
		RebuildScriptCaches (0ms)
		SetupLoadedEditorAssemblies (3099ms)
			LogAssemblyErrors (0ms)
			InitializePlatformSupportModulesInManaged (61ms)
			SetLoadedEditorAssemblies (22ms)
			BeforeProcessingInitializeOnLoad (517ms)
			ProcessInitializeOnLoadAttributes (2003ms)
			ProcessInitializeOnLoadMethodAttributes (421ms)
			AfterProcessingInitializeOnLoad (74ms)
			EditorAssembliesLoaded (1ms)
		ExecutionOrderSort2 (0ms)
		AwakeInstancesAfterBackupRestoration (64ms)
Refreshing native plugins compatible for Editor in 11.98 ms, found 6 plugins.
Preloading 2 native plugins for Editor in 0.37 ms.
Unloading 23 Unused Serialized files (Serialized files now loaded: 0)
Unloading 6008 unused Assets / (4.3 MB). Loaded Objects now: 6923.
Memory consumption went from 166.8 MB to 162.4 MB.
Total: 36.782900 ms (FindLiveObjects: 2.258900 ms CreateObjectMapping: 1.869600 ms MarkObjects: 26.541400 ms  DeleteObjects: 6.109900 ms)

Prepare: number of updated asset objects reloaded= 0
========================================================================
Received Prepare
Refreshing native plugins compatible for Editor in 25.41 ms, found 6 plugins.
Preloading 2 native plugins for Editor in 0.52 ms.
Unloading 13 Unused Serialized files (Serialized files now loaded: 0)
Unloading 5988 unused Assets / (4.1 MB). Loaded Objects now: 6923.
Memory consumption went from 165.2 MB to 161.1 MB.
Total: 36.303300 ms (FindLiveObjects: 3.032900 ms CreateObjectMapping: 2.109100 ms MarkObjects: 23.598100 ms  DeleteObjects: 7.558300 ms)

Prepare: number of updated asset objects reloaded= 0
========================================================================
Received Import Request.
  Time since last request: 976.896774 seconds.
  path: Assets/Script/ModelSwitcher.cs
  artifactKey: Guid(8414253f6787e3b4c942c146d50079b1) Importer(815301076,1909f56bfc062723c751e8b465ee728b)
Start importing Assets/Script/ModelSwitcher.cs using Guid(8414253f6787e3b4c942c146d50079b1) Importer(815301076,1909f56bfc062723c751e8b465ee728b) (PreviewImporter) -> (artifact id: 'a7d4363139bd20f275c5087bf49c0926') in 1.3190006 seconds
Number of updated asset objects reloaded before import = 0Number of asset objects unloaded after import = 0

========================================================================
Received Prepare
Begin MonoManager ReloadAssembly
Symbol file LoadedFromMemory is not a mono symbol file
- Loaded All Assemblies, in  6.407 seconds
Refreshing native plugins compatible for Editor in 19.72 ms, found 6 plugins.
Native extension for Android target not found
Native extension for WindowsStandalone target not found
Mono: successfully reloaded assembly
- Finished resetting the current domain, in  4.907 seconds
Domain Reload Profiling: 11288ms
	BeginReloadAssembly (1334ms)
		ExecutionOrderSort (0ms)
		DisableScriptedObjects (69ms)
		BackupInstance (0ms)
		ReleaseScriptingObjects (3ms)
		CreateAndSetChildDomain (357ms)
	RebuildCommonClasses (258ms)
	RebuildNativeTypeToScriptingClass (99ms)
	initialDomainReloadingComplete (227ms)
	LoadAllAssembliesAndSetupDomain (4460ms)
		LoadAssemblies (3391ms)
		RebuildTransferFunctionScriptingTraits (0ms)
		AnalyzeDomain (1744ms)
			TypeCache.Refresh (54ms)
				TypeCache.ScanAssembly (5ms)
			BuildScriptInfoCaches (1582ms)
			ResolveRequiredComponents (72ms)
	FinalizeReload (4909ms)
		ReleaseScriptCaches (0ms)
		RebuildScriptCaches (0ms)
		SetupLoadedEditorAssemblies (3432ms)
			LogAssemblyErrors (0ms)
			InitializePlatformSupportModulesInManaged (48ms)
			SetLoadedEditorAssemblies (20ms)
			BeforeProcessingInitializeOnLoad (458ms)
			ProcessInitializeOnLoadAttributes (2525ms)
			ProcessInitializeOnLoadMethodAttributes (330ms)
			AfterProcessingInitializeOnLoad (48ms)
			EditorAssembliesLoaded (1ms)
		ExecutionOrderSort2 (0ms)
		AwakeInstancesAfterBackupRestoration (61ms)
Refreshing native plugins compatible for Editor in 32.61 ms, found 6 plugins.
Preloading 2 native plugins for Editor in 0.82 ms.
Unloading 13 Unused Serialized files (Serialized files now loaded: 0)
Unloading 6008 unused Assets / (4.0 MB). Loaded Objects now: 6927.
Memory consumption went from 165.6 MB to 161.6 MB.
Total: 40.499600 ms (FindLiveObjects: 4.359600 ms CreateObjectMapping: 2.428100 ms MarkObjects: 23.334300 ms  DeleteObjects: 10.368400 ms)

Prepare: number of updated asset objects reloaded= 0
========================================================================
Received Prepare
Refreshing native plugins compatible for Editor in 16.20 ms, found 6 plugins.
Preloading 2 native plugins for Editor in 0.52 ms.
Unloading 13 Unused Serialized files (Serialized files now loaded: 0)
Unloading 5988 unused Assets / (4.7 MB). Loaded Objects now: 6927.
Memory consumption went from 165.7 MB to 161.0 MB.
Total: 33.118300 ms (FindLiveObjects: 1.457900 ms CreateObjectMapping: 1.748500 ms MarkObjects: 20.904100 ms  DeleteObjects: 9.004400 ms)

Prepare: number of updated asset objects reloaded= 0
========================================================================
Received Prepare
Begin MonoManager ReloadAssembly
Symbol file LoadedFromMemory is not a mono symbol file
- Loaded All Assemblies, in  3.629 seconds
Refreshing native plugins compatible for Editor in 15.62 ms, found 6 plugins.
Native extension for Android target not found
Native extension for WindowsStandalone target not found
Mono: successfully reloaded assembly
- Finished resetting the current domain, in  6.559 seconds
Domain Reload Profiling: 10189ms
	BeginReloadAssembly (887ms)
		ExecutionOrderSort (0ms)
		DisableScriptedObjects (30ms)
		BackupInstance (0ms)
		ReleaseScriptingObjects (2ms)
		CreateAndSetChildDomain (170ms)
	RebuildCommonClasses (171ms)
	RebuildNativeTypeToScriptingClass (58ms)
	initialDomainReloadingComplete (125ms)
	LoadAllAssembliesAndSetupDomain (2383ms)
		LoadAssemblies (1892ms)
		RebuildTransferFunctionScriptingTraits (0ms)
		AnalyzeDomain (998ms)
			TypeCache.Refresh (38ms)
				TypeCache.ScanAssembly (3ms)
			BuildScriptInfoCaches (859ms)
			ResolveRequiredComponents (86ms)
	FinalizeReload (6565ms)
		ReleaseScriptCaches (0ms)
		RebuildScriptCaches (0ms)
		SetupLoadedEditorAssemblies (4205ms)
			LogAssemblyErrors (0ms)
			InitializePlatformSupportModulesInManaged (100ms)
			SetLoadedEditorAssemblies (37ms)
			BeforeProcessingInitializeOnLoad (563ms)
			ProcessInitializeOnLoadAttributes (3038ms)
			ProcessInitializeOnLoadMethodAttributes (386ms)
			AfterProcessingInitializeOnLoad (80ms)
			EditorAssembliesLoaded (1ms)
		ExecutionOrderSort2 (0ms)
		AwakeInstancesAfterBackupRestoration (100ms)
Refreshing native plugins compatible for Editor in 94.34 ms, found 6 plugins.
Preloading 2 native plugins for Editor in 2.16 ms.
Unloading 13 Unused Serialized files (Serialized files now loaded: 0)
Unloading 6008 unused Assets / (4.3 MB). Loaded Objects now: 6929.
Memory consumption went from 165.6 MB to 161.3 MB.
Total: 75.598100 ms (FindLiveObjects: 7.559200 ms CreateObjectMapping: 4.264400 ms MarkObjects: 44.333500 ms  DeleteObjects: 19.430900 ms)

Prepare: number of updated asset objects reloaded= 0
========================================================================
Received Import Request.
  Time since last request: 409.714776 seconds.
  path: Assets/Audio/bear.mp3
  artifactKey: Guid(d81a7310af1d58644bb7aa028b6f9ada) Importer(815301076,1909f56bfc062723c751e8b465ee728b)
Start importing Assets/Audio/bear.mp3 using Guid(d81a7310af1d58644bb7aa028b6f9ada) Importer(815301076,1909f56bfc062723c751e8b465ee728b) (PreviewImporter) -> (artifact id: '29bae2fd1faa1c468c9d72e2b645a669') in 0.66264 seconds
Number of updated asset objects reloaded before import = 0Number of asset objects unloaded after import = 2

========================================================================
Received Import Request.
  Time since last request: 0.000063 seconds.
  path: Assets/Audio/eagle.mp3
  artifactKey: Guid(d2dfe6c7296522f43b319d7b1ac16efa) Importer(815301076,1909f56bfc062723c751e8b465ee728b)
Start importing Assets/Audio/eagle.mp3 using Guid(d2dfe6c7296522f43b319d7b1ac16efa) Importer(815301076,1909f56bfc062723c751e8b465ee728b) (PreviewImporter) -> (artifact id: 'd4a5128b6c8f9370fe1431759a6b4f9e') in 0.0240506 seconds
Number of updated asset objects reloaded before import = 0Number of asset objects unloaded after import = 2

========================================================================
Received Import Request.
  Time since last request: 0.000065 seconds.
  path: Assets/Audio/crocodile.mp3
  artifactKey: Guid(f9708b83bf4447a4ebdc2c6fff0915bb) Importer(815301076,1909f56bfc062723c751e8b465ee728b)
Start importing Assets/Audio/crocodile.mp3 using Guid(f9708b83bf4447a4ebdc2c6fff0915bb) Importer(815301076,1909f56bfc062723c751e8b465ee728b) (PreviewImporter) -> (artifact id: '808ab41d68c7000a36ccde6b1478093c') in 0.0202088 seconds
Number of updated asset objects reloaded before import = 0Number of asset objects unloaded after import = 2

========================================================================
Received Import Request.
  Time since last request: 0.000056 seconds.
  path: Assets/Audio/elephant.mp3
  artifactKey: Guid(77447ea34fdc1c544a0d503017c956f9) Importer(815301076,1909f56bfc062723c751e8b465ee728b)
Start importing Assets/Audio/elephant.mp3 using Guid(77447ea34fdc1c544a0d503017c956f9) Importer(815301076,1909f56bfc062723c751e8b465ee728b) (PreviewImporter) -> (artifact id: '65eb7ebfc27a61163683e129b7e26b20') in 0.017387 seconds
Number of updated asset objects reloaded before import = 0Number of asset objects unloaded after import = 2

========================================================================
Received Import Request.
  Time since last request: 0.000044 seconds.
  path: Assets/Audio/buffalo.mp3
  artifactKey: Guid(c803f7951b1817f4aa5f8abe1b65b316) Importer(815301076,1909f56bfc062723c751e8b465ee728b)
Start importing Assets/Audio/buffalo.mp3 using Guid(c803f7951b1817f4aa5f8abe1b65b316) Importer(815301076,1909f56bfc062723c751e8b465ee728b) (PreviewImporter) -> (artifact id: '75381825fde006d4b1347b41c14ca786') in 0.0197222 seconds
Number of updated asset objects reloaded before import = 0Number of asset objects unloaded after import = 2

========================================================================
Received Import Request.
  Time since last request: 0.000058 seconds.
  path: Assets/Audio/lion.mp3
  artifactKey: Guid(435a9bb0d033c274f8a9c4719a8969c1) Importer(815301076,1909f56bfc062723c751e8b465ee728b)
Start importing Assets/Audio/lion.mp3 using Guid(435a9bb0d033c274f8a9c4719a8969c1) Importer(815301076,1909f56bfc062723c751e8b465ee728b) (PreviewImporter) -> (artifact id: '1f17608daf52ad33267f9ccdd4c557b3') in 0.0212845 seconds
Number of updated asset objects reloaded before import = 0Number of asset objects unloaded after import = 2

========================================================================
Received Import Request.
  Time since last request: 0.000050 seconds.
  path: Assets/Audio/horse.mp3
  artifactKey: Guid(fa96540a4b11eab4fbef70743fd7ea76) Importer(815301076,1909f56bfc062723c751e8b465ee728b)
Start importing Assets/Audio/horse.mp3 using Guid(fa96540a4b11eab4fbef70743fd7ea76) Importer(815301076,1909f56bfc062723c751e8b465ee728b) (PreviewImporter) -> (artifact id: '340ccf0e1d7518dffa902217000678a7') in 0.0207294 seconds
Number of updated asset objects reloaded before import = 0Number of asset objects unloaded after import = 2

========================================================================
Received Prepare
Begin MonoManager ReloadAssembly
Symbol file LoadedFromMemory is not a mono symbol file
- Loaded All Assemblies, in  2.927 seconds
Refreshing native plugins compatible for Editor in 18.43 ms, found 6 plugins.
Native extension for Android target not found
Native extension for WindowsStandalone target not found
Mono: successfully reloaded assembly
- Finished resetting the current domain, in  4.821 seconds
Domain Reload Profiling: 7747ms
	BeginReloadAssembly (698ms)
		ExecutionOrderSort (0ms)
		DisableScriptedObjects (19ms)
		BackupInstance (0ms)
		ReleaseScriptingObjects (1ms)
		CreateAndSetChildDomain (160ms)
	RebuildCommonClasses (152ms)
	RebuildNativeTypeToScriptingClass (66ms)
	initialDomainReloadingComplete (114ms)
	LoadAllAssembliesAndSetupDomain (1894ms)
		LoadAssemblies (1491ms)
		RebuildTransferFunctionScriptingTraits (0ms)
		AnalyzeDomain (795ms)
			TypeCache.Refresh (16ms)
				TypeCache.ScanAssembly (0ms)
			BuildScriptInfoCaches (710ms)
			ResolveRequiredComponents (58ms)
	FinalizeReload (4824ms)
		ReleaseScriptCaches (0ms)
		RebuildScriptCaches (0ms)
		SetupLoadedEditorAssemblies (3227ms)
			LogAssemblyErrors (0ms)
			InitializePlatformSupportModulesInManaged (44ms)
			SetLoadedEditorAssemblies (22ms)
			BeforeProcessingInitializeOnLoad (332ms)
			ProcessInitializeOnLoadAttributes (2259ms)
			ProcessInitializeOnLoadMethodAttributes (475ms)
			AfterProcessingInitializeOnLoad (94ms)
			EditorAssembliesLoaded (2ms)
		ExecutionOrderSort2 (0ms)
		AwakeInstancesAfterBackupRestoration (74ms)
Refreshing native plugins compatible for Editor in 19.93 ms, found 6 plugins.
Preloading 2 native plugins for Editor in 0.57 ms.
Unloading 13 Unused Serialized files (Serialized files now loaded: 0)
Unloading 6008 unused Assets / (3.7 MB). Loaded Objects now: 6940.
Memory consumption went from 165.8 MB to 162.1 MB.
Total: 29.293200 ms (FindLiveObjects: 1.785700 ms CreateObjectMapping: 1.794100 ms MarkObjects: 17.420800 ms  DeleteObjects: 8.288100 ms)

Prepare: number of updated asset objects reloaded= 0
